{"total": {"lines":{"total":10,"covered":9,"skipped":0,"pct":90},"statements":{"total":11,"covered":10,"skipped":0,"pct":90.91},"functions":{"total":1,"covered":1,"skipped":0,"pct":100},"branches":{"total":6,"covered":3,"skipped":0,"pct":50}}
,"/Users/luochao/echoLC/utils-monorepo/packages/assign/src/index.js": {"lines":{"total":10,"covered":9,"skipped":0,"pct":90},"functions":{"total":1,"covered":1,"skipped":0,"pct":100},"statements":{"total":11,"covered":10,"skipped":0,"pct":90.91},"branches":{"total":6,"covered":3,"skipped":0,"pct":50}}
}
